<?xml version="1.0" encoding="UTF-8"?>
<!-- Generated by org.testng.reporters.JUnitReportReporter -->
<testsuite hostname="Nayan" failures="0" tests="2" name="patientPortal.UpdatePatientProfile" time="37.617" errors="0" timestamp="2025-03-04T10:30:33 IST" skipped="0">
  <testcase classname="patientPortal.UpdatePatientProfile" name="updatePatientPassword" time="17.717"/>
  <system-out/>
  <testcase classname="patientPortal.UpdatePatientProfile" name="updateCity" time="19.900"/>
  <system-out/>
</testsuite> <!-- patientPortal.UpdatePatientProfile -->
