<?xml version="1.0" encoding="UTF-8"?>
<!-- Generated by org.testng.reporters.JUnitReportReporter -->
<testsuite hostname="Nayan" failures="0" tests="1" name="patientPortal.patientAppointment" time="14.909" errors="0" timestamp="2025-02-25T10:47:36 IST" skipped="0">
  <testcase classname="patientPortal.patientAppointment" name="bookAndCancelAppointment" time="14.909"/>
  <system-out/>
</testsuite> <!-- patientPortal.patientAppointment -->
