<?xml version="1.0" encoding="UTF-8"?>
<!-- Generated by org.testng.reporters.JUnitReportReporter -->
<testsuite hostname="Nayan" failures="0" tests="1" name="patientPortal.UpdatePatientPassword" time="27.564" errors="0" timestamp="2025-02-25T09:26:32 IST" skipped="0">
  <testcase classname="patientPortal.UpdatePatientPassword" name="updatePatientPassword" time="27.564"/>
</testsuite> <!-- patientPortal.UpdatePatientPassword -->
