<?xml version="1.0" encoding="UTF-8"?>
<!-- Generated by org.testng.reporters.JUnitReportReporter -->
<testsuite hostname="Nayan" failures="0" tests="1" name="patientPortal.createPatientAccount" time="17.872" errors="0" timestamp="2025-02-21T22:03:25 IST" skipped="0">
  <testcase classname="patientPortal.createPatientAccount" name="patientAccount" time="17.872"/>
</testsuite> <!-- patientPortal.createPatientAccount -->
