<?xml version="1.0" encoding="UTF-8"?>
<!-- Generated by org.testng.reporters.JUnitReportReporter -->
<testsuite hostname="Nayan" failures="0" tests="2" name="patientPortal.UpdatePatientProfile" time="39.858" errors="0" timestamp="2025-02-25T10:47:36 IST" skipped="0">
  <testcase classname="patientPortal.UpdatePatientProfile" name="updatePatientPassword" time="22.062"/>
  <system-out/>
  <testcase classname="patientPortal.UpdatePatientProfile" name="updateCity" time="17.796"/>
  <system-out/>
</testsuite> <!-- patientPortal.UpdatePatientProfile -->
