<?xml version="1.0" encoding="UTF-8"?>
<!-- Generated by org.testng.reporters.JUnitReportReporter -->
<testsuite hostname="Nayan" failures="0" tests="2" name="patientPortal.UpdatePatientProfileTest" time="37.635" errors="0" timestamp="2025-03-08T13:10:37 IST" skipped="0">
  <testcase classname="patientPortal.UpdatePatientProfileTest" name="updateCityTest" time="10.730"/>
  <system-out/>
  <testcase classname="patientPortal.UpdatePatientProfileTest" name="updatePatientPasswordTest" time="26.905"/>
  <system-out/>
</testsuite> <!-- patientPortal.UpdatePatientProfileTest -->
