<?xml version="1.0" encoding="UTF-8"?>
<!-- Generated by org.testng.reporters.JUnitReportReporter -->
<testsuite hostname="Nayan" failures="0" tests="1" name="patientPortal.patientAppointmentTest" time="15.044" errors="0" timestamp="2025-03-08T13:10:37 IST" skipped="0">
  <testcase classname="patientPortal.patientAppointmentTest" name="bookAndCancelAppointmentTest" time="15.044"/>
  <system-out/>
</testsuite> <!-- patientPortal.patientAppointmentTest -->
