<?xml version="1.0" encoding="UTF-8"?>
<!-- Generated by org.testng.reporters.JUnitReportReporter -->
<testsuite hostname="Nayan" failures="0" tests="2" name="patientPortal.UpdatePatientProfileTest" time="25.798" errors="0" timestamp="2025-03-05T11:41:19 IST" skipped="0">
  <testcase classname="patientPortal.UpdatePatientProfileTest" name="updatePatientPasswordTest" time="10.429"/>
  <system-out/>
  <testcase classname="patientPortal.UpdatePatientProfileTest" name="updateCityTest" time="15.369"/>
  <system-out/>
</testsuite> <!-- patientPortal.UpdatePatientProfileTest -->
