<?xml version="1.0" encoding="UTF-8"?>
<!-- Generated by org.testng.reporters.JUnitReportReporter -->
<testsuite hostname="Nayan" failures="0" tests="1" name="patientPortal.patientAppointment" time="35.929" errors="0" timestamp="2025-03-04T10:30:34 IST" skipped="0">
  <testcase classname="patientPortal.patientAppointment" name="bookAndCancelAppointment" time="35.929"/>
  <system-out/>
</testsuite> <!-- patientPortal.patientAppointment -->
