<?xml version="1.0" encoding="UTF-8"?>
<!-- Generated by org.testng.reporters.JUnitReportReporter -->
<testsuite hostname="Nayan" failures="0" tests="1" name="patientPortal.patientAppointmentTest" time="19.888" errors="0" timestamp="2025-03-05T12:00:14 IST" skipped="0">
  <testcase classname="patientPortal.patientAppointmentTest" name="bookAndCancelAppointmentTest" time="19.888"/>
  <system-out/>
</testsuite> <!-- patientPortal.patientAppointmentTest -->
