<?xml version="1.0" encoding="UTF-8"?>
<!-- Generated by org.testng.reporters.JUnitReportReporter -->
<testsuite hostname="Nayan" failures="0" tests="2" name="patientPortal.UpdatePatientProfileTest" time="41.794" errors="0" timestamp="2025-03-05T11:16:02 IST" skipped="0">
  <testcase classname="patientPortal.UpdatePatientProfileTest" name="updatePatientPasswordTest" time="19.365"/>
  <system-out/>
  <testcase classname="patientPortal.UpdatePatientProfileTest" name="updateCityTest" time="22.429"/>
  <system-out/>
</testsuite> <!-- patientPortal.UpdatePatientProfileTest -->
